root - INFO - Data entry routine start : at Thu Feb 27 14:30:55 2020
urllib3.connectionpool - DEBUG - Starting new HTTPS connection (1): api.jcdecaux.com:443
urllib3.connectionpool - DEBUG - https://api.jcdecaux.com:443 "GET /vls/v1/stations?contract=dublin&apiKey=dc66b92bfcdbe203fea9a98416b4924fde76145a HTTP/1.1" 200 4747
urllib3.connectionpool - DEBUG - Starting new HTTPS connection (1): api.openweathermap.org:443
urllib3.connectionpool - DEBUG - https://api.openweathermap.org:443 "GET /data/2.5/weather?id=2964574&appid=4896209d0bdece9b7668a4fb4e8a9c03 HTTP/1.1" 200 468
root - INFO - Data entry routine end   : at Thu Feb 27 14:30:55 2020
root - INFO - Data entry routine start : at Thu Feb 27 14:31:00 2020
urllib3.connectionpool - DEBUG - Starting new HTTPS connection (1): api.jcdecaux.com:443
urllib3.connectionpool - DEBUG - https://api.jcdecaux.com:443 "GET /vls/v1/stations?contract=dublin&apiKey=dc66b92bfcdbe203fea9a98416b4924fde76145a HTTP/1.1" 200 4735
urllib3.connectionpool - DEBUG - Starting new HTTPS connection (1): api.openweathermap.org:443
urllib3.connectionpool - DEBUG - https://api.openweathermap.org:443 "GET /data/2.5/weather?id=2964574&appid=4896209d0bdece9b7668a4fb4e8a9c03 HTTP/1.1" 200 468
root - INFO - Data entry routine end   : at Thu Feb 27 14:31:02 2020
root - INFO - Data entry routine start : at Thu Feb 27 14:31:49 2020
urllib3.connectionpool - DEBUG - Starting new HTTPS connection (1): api.jcdecaux.com:443
urllib3.connectionpool - DEBUG - https://api.jcdecaux.com:443 "GET /vls/v1/stations?contract=dublin&apiKey=dc66b92bfcdbe203fea9a98416b4924fde76145a HTTP/1.1" 200 4735
urllib3.connectionpool - DEBUG - Starting new HTTPS connection (1): api.openweathermap.org:443
urllib3.connectionpool - DEBUG - https://api.openweathermap.org:443 "GET /data/2.5/weather?id=2964574&appid=4896209d0bdece9b7668a4fb4e8a9c03 HTTP/1.1" 200 468
root - INFO - Data entry routine end   : at Thu Feb 27 14:31:50 2020
root - INFO - Data entry routine start : at Thu Feb 27 14:31:54 2020
urllib3.connectionpool - DEBUG - Starting new HTTPS connection (1): api.jcdecaux.com:443
urllib3.connectionpool - DEBUG - https://api.jcdecaux.com:443 "GET /vls/v1/stations?contract=dublin&apiKey=dc66b92bfcdbe203fea9a98416b4924fde76145a HTTP/1.1" 200 4735
urllib3.connectionpool - DEBUG - Starting new HTTPS connection (1): api.openweathermap.org:443
urllib3.connectionpool - DEBUG - https://api.openweathermap.org:443 "GET /data/2.5/weather?id=2964574&appid=4896209d0bdece9b7668a4fb4e8a9c03 HTTP/1.1" 200 468
root - INFO - Data entry routine end   : at Thu Feb 27 14:31:55 2020
root - INFO - Data entry routine start : at Thu Feb 27 14:32:00 2020
urllib3.connectionpool - DEBUG - Starting new HTTPS connection (1): api.jcdecaux.com:443
urllib3.connectionpool - DEBUG - https://api.jcdecaux.com:443 "GET /vls/v1/stations?contract=dublin&apiKey=dc66b92bfcdbe203fea9a98416b4924fde76145a HTTP/1.1" 200 4741
urllib3.connectionpool - DEBUG - Starting new HTTPS connection (1): api.openweathermap.org:443
urllib3.connectionpool - DEBUG - https://api.openweathermap.org:443 "GET /data/2.5/weather?id=2964574&appid=4896209d0bdece9b7668a4fb4e8a9c03 HTTP/1.1" 200 468
root - INFO - Data entry routine end   : at Thu Feb 27 14:32:01 2020
root - INFO - Data entry routine start : at Thu Feb 27 14:32:31 2020
urllib3.connectionpool - DEBUG - Starting new HTTPS connection (1): api.jcdecaux.com:443
urllib3.connectionpool - DEBUG - https://api.jcdecaux.com:443 "GET /vls/v1/stations?contract=dublin&apiKey=dc66b92bfcdbe203fea9a98416b4924fde76145a HTTP/1.1" 200 4741
urllib3.connectionpool - DEBUG - Starting new HTTPS connection (1): api.openweathermap.org:443
urllib3.connectionpool - DEBUG - https://api.openweathermap.org:443 "GET /data/2.5/weather?id=2964574&appid=4896209d0bdece9b7668a4fb4e8a9c03 HTTP/1.1" 200 468
root - INFO - Data entry routine end   : at Thu Feb 27 14:32:33 2020
root - INFO - Data entry routine start : at Thu Feb 27 14:32:38 2020
urllib3.connectionpool - DEBUG - Starting new HTTPS connection (1): api.jcdecaux.com:443
urllib3.connectionpool - DEBUG - https://api.jcdecaux.com:443 "GET /vls/v1/stations?contract=dublin&apiKey=dc66b92bfcdbe203fea9a98416b4924fde76145a HTTP/1.1" 200 4741
urllib3.connectionpool - DEBUG - Starting new HTTPS connection (1): api.openweathermap.org:443
urllib3.connectionpool - DEBUG - https://api.openweathermap.org:443 "GET /data/2.5/weather?id=2964574&appid=4896209d0bdece9b7668a4fb4e8a9c03 HTTP/1.1" 200 468
root - INFO - Data entry routine end   : at Thu Feb 27 14:32:39 2020
root - INFO - Data entry routine start : at Thu Feb 27 14:33:25 2020
urllib3.connectionpool - DEBUG - Starting new HTTPS connection (1): api.jcdecaux.com:443
urllib3.connectionpool - DEBUG - https://api.jcdecaux.com:443 "GET /vls/v1/stations?contract=dublin&apiKey=dc66b92bfcdbe203fea9a98416b4924fde76145a HTTP/1.1" 200 4739
urllib3.connectionpool - DEBUG - Starting new HTTPS connection (1): api.openweathermap.org:443
urllib3.connectionpool - DEBUG - https://api.openweathermap.org:443 "GET /data/2.5/weather?id=2964574&appid=4896209d0bdece9b7668a4fb4e8a9c03 HTTP/1.1" 200 468
root - INFO - Data entry routine end   : at Thu Feb 27 14:33:26 2020
root - INFO - Data entry routine start : at Thu Feb 27 14:33:31 2020
urllib3.connectionpool - DEBUG - Starting new HTTPS connection (1): api.jcdecaux.com:443
urllib3.connectionpool - DEBUG - https://api.jcdecaux.com:443 "GET /vls/v1/stations?contract=dublin&apiKey=dc66b92bfcdbe203fea9a98416b4924fde76145a HTTP/1.1" 200 4739
urllib3.connectionpool - DEBUG - Starting new HTTPS connection (1): api.openweathermap.org:443
urllib3.connectionpool - DEBUG - https://api.openweathermap.org:443 "GET /data/2.5/weather?id=2964574&appid=4896209d0bdece9b7668a4fb4e8a9c03 HTTP/1.1" 200 468
root - INFO - Data entry routine end   : at Thu Feb 27 14:33:32 2020
root - INFO - Data entry routine start : at Thu Feb 27 14:34:14 2020
urllib3.connectionpool - DEBUG - Starting new HTTPS connection (1): api.jcdecaux.com:443
urllib3.connectionpool - DEBUG - https://api.jcdecaux.com:443 "GET /vls/v1/stations?contract=dublin&apiKey=dc66b92bfcdbe203fea9a98416b4924fde7614 HTTP/1.1" 403 48
urllib3.connectionpool - DEBUG - Starting new HTTPS connection (1): api.openweathermap.org:443
urllib3.connectionpool - DEBUG - https://api.openweathermap.org:443 "GET /data/2.5/weather?id=2964574&appid=4896209d0bdece9b7668a4fb4e8a9c03 HTTP/1.1" 200 468
root - INFO - Data entry routine end   : at Thu Feb 27 14:34:14 2020
root - INFO - Data entry routine start : at Thu Feb 27 14:34:19 2020
urllib3.connectionpool - DEBUG - Starting new HTTPS connection (1): api.jcdecaux.com:443
urllib3.connectionpool - DEBUG - https://api.jcdecaux.com:443 "GET /vls/v1/stations?contract=dublin&apiKey=dc66b92bfcdbe203fea9a98416b4924fde7614 HTTP/1.1" 403 48
urllib3.connectionpool - DEBUG - Starting new HTTPS connection (1): api.openweathermap.org:443
urllib3.connectionpool - DEBUG - https://api.openweathermap.org:443 "GET /data/2.5/weather?id=2964574&appid=4896209d0bdece9b7668a4fb4e8a9c03 HTTP/1.1" 200 468
root - INFO - Data entry routine end   : at Thu Feb 27 14:34:19 2020
root - INFO - Data entry routine start : at Thu Feb 27 14:37:24 2020
urllib3.connectionpool - DEBUG - Starting new HTTPS connection (1): api.jcdecaux.com:443
urllib3.connectionpool - DEBUG - https://api.jcdecaux.com:443 "GET /vls/v1/stations?contract=dublin&apiKey=dc66b92bfcdbe203fea9a98416b4924fde7614 HTTP/1.1" 403 48
urllib3.connectionpool - DEBUG - Starting new HTTPS connection (1): api.openweathermap.org:443
urllib3.connectionpool - DEBUG - https://api.openweathermap.org:443 "GET /data/2.5/weather?id=2964574&appid=4896209d0bdece9b7668a4fb4e8a9c03 HTTP/1.1" 200 468
root - INFO - Data entry routine end   : at Thu Feb 27 14:37:24 2020
root - INFO - Data entry routine start : at Thu Feb 27 14:37:29 2020
urllib3.connectionpool - DEBUG - Starting new HTTPS connection (1): api.jcdecaux.com:443
urllib3.connectionpool - DEBUG - https://api.jcdecaux.com:443 "GET /vls/v1/stations?contract=dublin&apiKey=dc66b92bfcdbe203fea9a98416b4924fde7614 HTTP/1.1" 403 48
urllib3.connectionpool - DEBUG - Starting new HTTPS connection (1): api.openweathermap.org:443
urllib3.connectionpool - DEBUG - https://api.openweathermap.org:443 "GET /data/2.5/weather?id=2964574&appid=4896209d0bdece9b7668a4fb4e8a9c03 HTTP/1.1" 200 468
root - INFO - Data entry routine end   : at Thu Feb 27 14:37:29 2020
root - INFO - Data entry routine start : at Thu Feb 27 14:38:36 2020
urllib3.connectionpool - DEBUG - Starting new HTTPS connection (1): api.jcdecaux.com:443
urllib3.connectionpool - DEBUG - https://api.jcdecaux.com:443 "GET /vls/v1/stations?contract=dublin&apiKey=dc66b92bfcdbe203fea9a98416b4924fde76145a HTTP/1.1" 200 4767
urllib3.connectionpool - DEBUG - Starting new HTTPS connection (1): api.openweathermap.org:443
urllib3.connectionpool - DEBUG - https://api.openweathermap.org:443 "GET /data/2.5/weather?id=2964574&appid=4896209d0bdece9b7668a4fb4e8a9c03 HTTP/1.1" 200 468
root - INFO - Data entry routine end   : at Thu Feb 27 14:38:36 2020
root - INFO - Data entry routine start : at Thu Feb 27 14:38:41 2020
urllib3.connectionpool - DEBUG - Starting new HTTPS connection (1): api.jcdecaux.com:443
urllib3.connectionpool - DEBUG - https://api.jcdecaux.com:443 "GET /vls/v1/stations?contract=dublin&apiKey=dc66b92bfcdbe203fea9a98416b4924fde76145a HTTP/1.1" 200 4767
urllib3.connectionpool - DEBUG - Starting new HTTPS connection (1): api.openweathermap.org:443
urllib3.connectionpool - DEBUG - https://api.openweathermap.org:443 "GET /data/2.5/weather?id=2964574&appid=4896209d0bdece9b7668a4fb4e8a9c03 HTTP/1.1" 200 468
root - INFO - Data entry routine end   : at Thu Feb 27 14:38:43 2020
root - INFO - Data entry routine start : at Thu Feb 27 14:41:10 2020
urllib3.connectionpool - DEBUG - Starting new HTTPS connection (1): api.jcdecaux.com:443
urllib3.connectionpool - DEBUG - https://api.jcdecaux.com:443 "GET /vls/v1/stations?contract=dublin&apiKey=dc66b92bfcdbe203fea9a98416b4924fde76145a HTTP/1.1" 200 4771
urllib3.connectionpool - DEBUG - Starting new HTTPS connection (1): api.openweathermap.org:443
urllib3.connectionpool - DEBUG - https://api.openweathermap.org:443 "GET /data/2.5/weather?id=2964574&appid=4896209d0bdece9b7668a4fb4e8a9c03 HTTP/1.1" 200 468
root - INFO - Data entry routine end   : at Thu Feb 27 14:41:11 2020
root - INFO - Data entry routine start : at Thu Feb 27 14:41:16 2020
urllib3.connectionpool - DEBUG - Starting new HTTPS connection (1): api.jcdecaux.com:443
urllib3.connectionpool - DEBUG - https://api.jcdecaux.com:443 "GET /vls/v1/stations?contract=dublin&apiKey=dc66b92bfcdbe203fea9a98416b4924fde76145a HTTP/1.1" 200 4771
urllib3.connectionpool - DEBUG - Starting new HTTPS connection (1): api.openweathermap.org:443
urllib3.connectionpool - DEBUG - https://api.openweathermap.org:443 "GET /data/2.5/weather?id=2964574&appid=4896209d0bdece9b7668a4fb4e8a9c03 HTTP/1.1" 200 468
root - INFO - Data entry routine end   : at Thu Feb 27 14:41:17 2020
